<?xml version="1.0" encoding="UTF-8"?>
<!-- Generated by org.testng.reporters.JUnitXMLReporter -->
<testsuite hostname="LAPTOP-CU4Q43D9" ignored="3" name="Test" tests="2" failures="0" timestamp="05 Feb 2021 05:06:15 GMT" time="82.167" errors="0">
  <testcase name="invoice_1" time="31.824" classname="com.crm.autodesk.AssignmentTestCase.TestCase12"/>
  <testcase name="invoice_1" time="28.967" classname="com.crm.autodesk.AssignmentTestCase.TestCase13"/>
  <testcase name="@AfterSuite configAS" time="0.0" classname="com.crm.autodesk.genericlib.BaseClass">
    <ignored/>
  </testcase> <!-- @AfterSuite configAS -->
  <testcase name="@BeforeSuite configBS" time="0.0" classname="com.crm.autodesk.genericlib.BaseClass">
    <ignored/>
  </testcase> <!-- @BeforeSuite configBS -->
  <testcase name="@AfterTest configAT" time="0.0" classname="com.crm.autodesk.genericlib.BaseClass">
    <ignored/>
  </testcase> <!-- @AfterTest configAT -->
</testsuite> <!-- Test -->
